<?xml version="1.0" encoding="UTF-8"?>
<!-- Generated by org.testng.reporters.JUnitXMLReporter -->
<testsuite hostname="DESKTOP-GBDRMPF" ignored="0" name="exam" tests="4" failures="0" timestamp="15 Dec 2018 00:16:28 GMT" time="0.192" errors="0">
  <testcase name="test1" time="0.021" classname="t1.Example1"/>
  <testcase name="test2" time="0.012" classname="t1.Example1"/>
  <testcase name="test3" time="0.012" classname="t1.Example1"/>
  <testcase name="test4" time="0.021" classname="t1.Example1"/>
</testsuite> <!-- exam -->
