<?xml version="1.0" encoding="UTF-8"?>
<testng-results skipped="0" failed="0" ignored="0" total="4" passed="4">
  <reporter-output>
  </reporter-output>
  <suite name="NaukriAutomation" duration-ms="192" started-at="2018-12-15T00:16:28Z" finished-at="2018-12-15T00:16:28Z">
    <groups>
    </groups>
    <test name="exam" duration-ms="192" started-at="2018-12-15T00:16:28Z" finished-at="2018-12-15T00:16:28Z">
      <class name="t1.Example1">
        <test-method status="PASS" signature="test1()[pri:0, instance:t1.Example1@5c3bd550]" name="test1" duration-ms="21" started-at="2018-12-15T00:16:28Z" finished-at="2018-12-15T00:16:28Z">
          <reporter-output>
          </reporter-output>
        </test-method> <!-- test1 -->
        <test-method status="PASS" signature="test2(java.lang.String)[pri:0, instance:t1.Example1@5c3bd550]" name="test2" duration-ms="12" started-at="2018-12-15T00:16:28Z" finished-at="2018-12-15T00:16:28Z">
          <params>
            <param index="0">
              <value>
                <![CDATA[akansha]]>
              </value>
            </param>
          </params>
          <reporter-output>
          </reporter-output>
        </test-method> <!-- test2 -->
        <test-method status="PASS" signature="test3(java.lang.String, java.lang.String)[pri:0, instance:t1.Example1@5c3bd550]" name="test3" duration-ms="12" started-at="2018-12-15T00:16:28Z" finished-at="2018-12-15T00:16:28Z">
          <params>
            <param index="0">
              <value>
                <![CDATA[akansha]]>
              </value>
            </param>
            <param index="1">
              <value>
                <![CDATA[akansha123]]>
              </value>
            </param>
          </params>
          <reporter-output>
          </reporter-output>
        </test-method> <!-- test3 -->
        <test-method status="PASS" signature="test4(java.lang.String)[pri:0, instance:t1.Example1@5c3bd550]" name="test4" duration-ms="21" started-at="2018-12-15T00:16:28Z" finished-at="2018-12-15T00:16:28Z">
          <params>
            <param index="0">
              <value>
                <![CDATA[chrome]]>
              </value>
            </param>
          </params>
          <reporter-output>
          </reporter-output>
        </test-method> <!-- test4 -->
      </class> <!-- t1.Example1 -->
    </test> <!-- exam -->
  </suite> <!-- NaukriAutomation -->
</testng-results>
