<?xml version="1.0" encoding="UTF-8"?>
<!-- Generated by org.testng.reporters.JUnitXMLReporter -->
<testsuite hostname="DESKTOP-GBDRMPF" ignored="0" name="Default test" tests="4" failures="0" timestamp="14 Dec 2018 06:58:21 GMT" time="0.686" errors="0">
  <testcase name="validateLogin" time="0.016" classname="t1.DataExample"/>
  <testcase name="validateLogin" time="0.004" classname="t1.DataExample"/>
  <testcase name="validateLogin" time="0.002" classname="t1.DataExample"/>
  <testcase name="validateLogin" time="0.003" classname="t1.DataExample"/>
</testsuite> <!-- Default test -->
